[2024-03-30T10:46:21.120+0000] {manager.py:469} INFO - Processing files using up to 2 processes at a time 
[2024-03-30T10:46:21.164+0000] {manager.py:470} INFO - Process each file at most once every 30 seconds
[2024-03-30T10:46:21.192+0000] {manager.py:471} INFO - Checking for new files in /opt/airflow/dags every 300 seconds
[2024-03-30T10:46:21.213+0000] {manager.py:738} INFO - Searching for files in /opt/airflow/dags
[2024-03-30T10:46:21.375+0000] {manager.py:741} INFO - There are 0 files in /opt/airflow/dags
[2024-03-30T10:56:08.573+0000] {manager.py:469} INFO - Processing files using up to 2 processes at a time 
[2024-03-30T10:56:08.574+0000] {manager.py:470} INFO - Process each file at most once every 30 seconds
[2024-03-30T10:56:08.575+0000] {manager.py:471} INFO - Checking for new files in /opt/airflow/dags every 300 seconds
[2024-03-30T10:56:08.576+0000] {manager.py:738} INFO - Searching for files in /opt/airflow/dags
[2024-03-30T10:56:08.647+0000] {manager.py:741} INFO - There are 0 files in /opt/airflow/dags
[2024-03-30T11:01:09.381+0000] {manager.py:738} INFO - Searching for files in /opt/airflow/dags
[2024-03-30T11:01:09.387+0000] {manager.py:741} INFO - There are 0 files in /opt/airflow/dags
[2024-03-30T11:06:10.201+0000] {manager.py:738} INFO - Searching for files in /opt/airflow/dags
[2024-03-30T11:06:10.215+0000] {manager.py:741} INFO - There are 0 files in /opt/airflow/dags
[2024-03-30T11:29:45.219+0000] {manager.py:469} INFO - Processing files using up to 2 processes at a time 
[2024-03-30T11:29:45.221+0000] {manager.py:470} INFO - Process each file at most once every 30 seconds
[2024-03-30T11:29:45.222+0000] {manager.py:471} INFO - Checking for new files in /opt/airflow/dags every 300 seconds
[2024-03-30T11:29:45.223+0000] {manager.py:738} INFO - Searching for files in /opt/airflow/dags
[2024-03-30T11:29:45.353+0000] {manager.py:741} INFO - There are 0 files in /opt/airflow/dags
[2024-03-30T11:29:51.653+0000] {manager.py:451} INFO - Exiting gracefully upon receiving signal 15
[2024-03-30T11:33:07.731+0000] {manager.py:469} INFO - Processing files using up to 2 processes at a time 
[2024-03-30T11:33:07.732+0000] {manager.py:470} INFO - Process each file at most once every 30 seconds
[2024-03-30T11:33:07.733+0000] {manager.py:471} INFO - Checking for new files in /opt/airflow/dags every 300 seconds
[2024-03-30T11:33:07.734+0000] {manager.py:738} INFO - Searching for files in /opt/airflow/dags
[2024-03-30T11:33:07.838+0000] {manager.py:741} INFO - There are 0 files in /opt/airflow/dags
[2024-03-30T11:38:08.406+0000] {manager.py:738} INFO - Searching for files in /opt/airflow/dags
[2024-03-30T11:38:08.455+0000] {manager.py:741} INFO - There are 0 files in /opt/airflow/dags
[2024-03-30T11:43:08.980+0000] {manager.py:738} INFO - Searching for files in /opt/airflow/dags
[2024-03-30T11:43:09.042+0000] {manager.py:741} INFO - There are 0 files in /opt/airflow/dags
[2024-03-30T11:48:09.528+0000] {manager.py:738} INFO - Searching for files in /opt/airflow/dags
[2024-03-30T11:48:09.586+0000] {manager.py:741} INFO - There are 0 files in /opt/airflow/dags
[2024-03-30T11:53:10.032+0000] {manager.py:738} INFO - Searching for files in /opt/airflow/dags
[2024-03-30T11:53:10.084+0000] {manager.py:741} INFO - There are 0 files in /opt/airflow/dags
[2024-03-30T11:58:10.524+0000] {manager.py:738} INFO - Searching for files in /opt/airflow/dags
[2024-03-30T11:58:10.614+0000] {manager.py:741} INFO - There are 0 files in /opt/airflow/dags
[2024-03-30T12:03:11.106+0000] {manager.py:738} INFO - Searching for files in /opt/airflow/dags
[2024-03-30T12:03:11.166+0000] {manager.py:741} INFO - There are 0 files in /opt/airflow/dags
[2024-03-30T12:08:11.769+0000] {manager.py:738} INFO - Searching for files in /opt/airflow/dags
[2024-03-30T12:08:11.819+0000] {manager.py:741} INFO - There are 0 files in /opt/airflow/dags
[2024-03-30T12:12:32.149+0000] {manager.py:451} INFO - Exiting gracefully upon receiving signal 15
[2024-03-30T12:13:50.729+0000] {manager.py:469} INFO - Processing files using up to 2 processes at a time 
[2024-03-30T12:13:50.731+0000] {manager.py:470} INFO - Process each file at most once every 30 seconds
[2024-03-30T12:13:50.732+0000] {manager.py:471} INFO - Checking for new files in /opt/airflow/dags every 300 seconds
[2024-03-30T12:13:50.732+0000] {manager.py:738} INFO - Searching for files in /opt/airflow/dags
[2024-03-30T12:13:50.863+0000] {manager.py:741} INFO - There are 1 files in /opt/airflow/dags
[2024-03-30T12:13:50.997+0000] {manager.py:879} INFO - 
================================================================================
DAG File Processing Stats

File Path                      PID  Runtime      # DAGs    # Errors  Last Runtime    Last Run
---------------------------  -----  ---------  --------  ----------  --------------  ----------
/opt/airflow/dags/fx_dag.py     34  0.07s             0           0
================================================================================
[2024-03-30T12:14:21.403+0000] {manager.py:879} INFO - 
================================================================================
DAG File Processing Stats

File Path                      PID  Runtime      # DAGs    # Errors  Last Runtime    Last Run
---------------------------  -----  ---------  --------  ----------  --------------  -------------------
/opt/airflow/dags/fx_dag.py     41  0.01s             0           1  0.11s           2024-03-30T12:13:51
================================================================================
[2024-03-30T12:14:51.838+0000] {manager.py:879} INFO - 
================================================================================
DAG File Processing Stats

File Path                      PID  Runtime      # DAGs    # Errors  Last Runtime    Last Run
---------------------------  -----  ---------  --------  ----------  --------------  -------------------
/opt/airflow/dags/fx_dag.py     48  0.00s             0           1  0.09s           2024-03-30T12:14:21
================================================================================
[2024-03-30T12:15:22.131+0000] {manager.py:879} INFO - 
================================================================================
DAG File Processing Stats

File Path                      PID  Runtime      # DAGs    # Errors  Last Runtime    Last Run
---------------------------  -----  ---------  --------  ----------  --------------  -------------------
/opt/airflow/dags/fx_dag.py     55  0.00s             0           1  0.09s           2024-03-30T12:14:51
================================================================================
[2024-03-30T12:15:52.351+0000] {manager.py:879} INFO - 
================================================================================
DAG File Processing Stats

File Path                      PID  Runtime      # DAGs    # Errors  Last Runtime    Last Run
---------------------------  -----  ---------  --------  ----------  --------------  -------------------
/opt/airflow/dags/fx_dag.py     62  0.00s             0           1  0.07s           2024-03-30T12:15:22
================================================================================
[2024-03-30T12:16:22.629+0000] {manager.py:879} INFO - 
================================================================================
DAG File Processing Stats

File Path                      PID  Runtime      # DAGs    # Errors  Last Runtime    Last Run
---------------------------  -----  ---------  --------  ----------  --------------  -------------------
/opt/airflow/dags/fx_dag.py     75  0.01s             0           1  0.11s           2024-03-30T12:15:52
================================================================================
[2024-03-30T12:16:52.982+0000] {manager.py:879} INFO - 
================================================================================
DAG File Processing Stats

File Path                    PID    Runtime      # DAGs    # Errors  Last Runtime    Last Run
---------------------------  -----  ---------  --------  ----------  --------------  -------------------
/opt/airflow/dags/fx_dag.py                           0           1  0.08s           2024-03-30T12:16:34
================================================================================
[2024-03-30T12:17:23.260+0000] {manager.py:879} INFO - 
================================================================================
DAG File Processing Stats

File Path                    PID    Runtime      # DAGs    # Errors  Last Runtime    Last Run
---------------------------  -----  ---------  --------  ----------  --------------  -------------------
/opt/airflow/dags/fx_dag.py                           0           1  0.09s           2024-03-30T12:17:05
================================================================================
[2024-03-30T12:17:53.472+0000] {manager.py:879} INFO - 
================================================================================
DAG File Processing Stats

File Path                    PID    Runtime      # DAGs    # Errors  Last Runtime    Last Run
---------------------------  -----  ---------  --------  ----------  --------------  -------------------
/opt/airflow/dags/fx_dag.py                           0           1  0.08s           2024-03-30T12:17:35
================================================================================
[2024-03-30T12:18:23.778+0000] {manager.py:879} INFO - 
================================================================================
DAG File Processing Stats

File Path                    PID    Runtime      # DAGs    # Errors  Last Runtime    Last Run
---------------------------  -----  ---------  --------  ----------  --------------  -------------------
/opt/airflow/dags/fx_dag.py                           0           1  1.20s           2024-03-30T12:18:00
================================================================================
[2024-03-30T12:18:51.115+0000] {manager.py:738} INFO - Searching for files in /opt/airflow/dags
[2024-03-30T12:18:51.228+0000] {manager.py:741} INFO - There are 1 files in /opt/airflow/dags
[2024-03-30T12:18:54.260+0000] {manager.py:879} INFO - 
================================================================================
DAG File Processing Stats

File Path                    PID    Runtime      # DAGs    # Errors  Last Runtime    Last Run
---------------------------  -----  ---------  --------  ----------  --------------  -------------------
/opt/airflow/dags/fx_dag.py                           0           1  0.58s           2024-03-30T12:18:31
================================================================================
[2024-03-30T12:19:24.636+0000] {manager.py:879} INFO - 
================================================================================
DAG File Processing Stats

File Path                    PID    Runtime      # DAGs    # Errors  Last Runtime    Last Run
---------------------------  -----  ---------  --------  ----------  --------------  -------------------
/opt/airflow/dags/fx_dag.py                           1           0  0.79s           2024-03-30T12:19:06
================================================================================
[2024-03-30T12:19:55.288+0000] {manager.py:879} INFO - 
================================================================================
DAG File Processing Stats

File Path                    PID    Runtime      # DAGs    # Errors  Last Runtime    Last Run
---------------------------  -----  ---------  --------  ----------  --------------  -------------------
/opt/airflow/dags/fx_dag.py                           1           0  0.67s           2024-03-30T12:19:37
================================================================================
[2024-03-30T12:20:25.591+0000] {manager.py:879} INFO - 
================================================================================
DAG File Processing Stats

File Path                    PID    Runtime      # DAGs    # Errors  Last Runtime    Last Run
---------------------------  -----  ---------  --------  ----------  --------------  -------------------
/opt/airflow/dags/fx_dag.py                           1           0  0.71s           2024-03-30T12:20:08
================================================================================
[2024-03-30T12:20:55.910+0000] {manager.py:879} INFO - 
================================================================================
DAG File Processing Stats

File Path                    PID    Runtime      # DAGs    # Errors  Last Runtime    Last Run
---------------------------  -----  ---------  --------  ----------  --------------  -------------------
/opt/airflow/dags/fx_dag.py                           1           0  0.67s           2024-03-30T12:20:39
================================================================================
[2024-03-30T12:21:26.100+0000] {manager.py:879} INFO - 
================================================================================
DAG File Processing Stats

File Path                    PID    Runtime      # DAGs    # Errors  Last Runtime    Last Run
---------------------------  -----  ---------  --------  ----------  --------------  -------------------
/opt/airflow/dags/fx_dag.py                           1           0  0.70s           2024-03-30T12:21:10
================================================================================
[2024-03-30T12:21:56.300+0000] {manager.py:879} INFO - 
================================================================================
DAG File Processing Stats

File Path                    PID    Runtime      # DAGs    # Errors  Last Runtime    Last Run
---------------------------  -----  ---------  --------  ----------  --------------  -------------------
/opt/airflow/dags/fx_dag.py                           1           0  0.64s           2024-03-30T12:21:41
================================================================================
[2024-03-30T12:22:26.877+0000] {manager.py:879} INFO - 
================================================================================
DAG File Processing Stats

File Path                    PID    Runtime      # DAGs    # Errors  Last Runtime    Last Run
---------------------------  -----  ---------  --------  ----------  --------------  -------------------
/opt/airflow/dags/fx_dag.py                           1           0  0.76s           2024-03-30T12:22:12
================================================================================
[2024-03-30T12:22:57.092+0000] {manager.py:879} INFO - 
================================================================================
DAG File Processing Stats

File Path                    PID    Runtime      # DAGs    # Errors  Last Runtime    Last Run
---------------------------  -----  ---------  --------  ----------  --------------  -------------------
/opt/airflow/dags/fx_dag.py                           1           0  0.93s           2024-03-30T12:22:43
================================================================================
[2024-03-30T12:23:27.283+0000] {manager.py:879} INFO - 
================================================================================
DAG File Processing Stats

File Path                    PID    Runtime      # DAGs    # Errors  Last Runtime    Last Run
---------------------------  -----  ---------  --------  ----------  --------------  -------------------
/opt/airflow/dags/fx_dag.py                           1           0  0.67s           2024-03-30T12:23:14
================================================================================
[2024-03-30T12:23:51.501+0000] {manager.py:738} INFO - Searching for files in /opt/airflow/dags
[2024-03-30T12:23:51.632+0000] {manager.py:741} INFO - There are 1 files in /opt/airflow/dags
[2024-03-30T12:23:57.717+0000] {manager.py:879} INFO - 
================================================================================
DAG File Processing Stats

File Path                    PID    Runtime      # DAGs    # Errors  Last Runtime    Last Run
---------------------------  -----  ---------  --------  ----------  --------------  -------------------
/opt/airflow/dags/fx_dag.py                           1           0  0.89s           2024-03-30T12:23:45
================================================================================
[2024-03-30T12:24:28.086+0000] {manager.py:879} INFO - 
================================================================================
DAG File Processing Stats

File Path                    PID    Runtime      # DAGs    # Errors  Last Runtime    Last Run
---------------------------  -----  ---------  --------  ----------  --------------  -------------------
/opt/airflow/dags/fx_dag.py                           1           0  1.03s           2024-03-30T12:24:16
================================================================================
[2024-03-30T12:24:58.399+0000] {manager.py:879} INFO - 
================================================================================
DAG File Processing Stats

File Path                    PID    Runtime      # DAGs    # Errors  Last Runtime    Last Run
---------------------------  -----  ---------  --------  ----------  --------------  -------------------
/opt/airflow/dags/fx_dag.py                           1           0  1.25s           2024-03-30T12:24:48
================================================================================
[2024-03-30T12:25:28.518+0000] {manager.py:879} INFO - 
================================================================================
DAG File Processing Stats

File Path                    PID    Runtime      # DAGs    # Errors  Last Runtime    Last Run
---------------------------  -----  ---------  --------  ----------  --------------  -------------------
/opt/airflow/dags/fx_dag.py                           1           0  0.88s           2024-03-30T12:25:19
================================================================================
[2024-03-30T12:25:58.550+0000] {manager.py:879} INFO - 
================================================================================
DAG File Processing Stats

File Path                    PID    Runtime      # DAGs    # Errors  Last Runtime    Last Run
---------------------------  -----  ---------  --------  ----------  --------------  -------------------
/opt/airflow/dags/fx_dag.py                           1           0  1.01s           2024-03-30T12:25:32
================================================================================
[2024-03-30T12:26:29.272+0000] {manager.py:879} INFO - 
================================================================================
DAG File Processing Stats

File Path                    PID    Runtime      # DAGs    # Errors  Last Runtime    Last Run
---------------------------  -----  ---------  --------  ----------  --------------  -------------------
/opt/airflow/dags/fx_dag.py                           1           0  1.42s           2024-03-30T12:26:01
================================================================================
[2024-03-30T12:26:59.524+0000] {manager.py:879} INFO - 
================================================================================
DAG File Processing Stats

File Path                    PID    Runtime      # DAGs    # Errors  Last Runtime    Last Run
---------------------------  -----  ---------  --------  ----------  --------------  -------------------
/opt/airflow/dags/fx_dag.py                           1           0  0.72s           2024-03-30T12:26:33
================================================================================
[2024-03-30T12:27:29.707+0000] {manager.py:879} INFO - 
================================================================================
DAG File Processing Stats

File Path                    PID    Runtime      # DAGs    # Errors  Last Runtime    Last Run
---------------------------  -----  ---------  --------  ----------  --------------  -------------------
/opt/airflow/dags/fx_dag.py                           1           0  0.94s           2024-03-30T12:27:04
================================================================================
[2024-03-30T12:27:59.972+0000] {manager.py:879} INFO - 
================================================================================
DAG File Processing Stats

File Path                    PID    Runtime      # DAGs    # Errors  Last Runtime    Last Run
---------------------------  -----  ---------  --------  ----------  --------------  -------------------
/opt/airflow/dags/fx_dag.py                           1           0  0.68s           2024-03-30T12:27:35
================================================================================
[2024-03-30T12:28:30.179+0000] {manager.py:879} INFO - 
================================================================================
DAG File Processing Stats

File Path                    PID    Runtime      # DAGs    # Errors  Last Runtime    Last Run
---------------------------  -----  ---------  --------  ----------  --------------  -------------------
/opt/airflow/dags/fx_dag.py                           1           0  0.64s           2024-03-30T12:28:06
================================================================================
[2024-03-30T12:28:52.046+0000] {manager.py:738} INFO - Searching for files in /opt/airflow/dags
[2024-03-30T12:28:52.147+0000] {manager.py:741} INFO - There are 1 files in /opt/airflow/dags
[2024-03-30T12:29:00.213+0000] {manager.py:879} INFO - 
================================================================================
DAG File Processing Stats

File Path                    PID    Runtime      # DAGs    # Errors  Last Runtime    Last Run
---------------------------  -----  ---------  --------  ----------  --------------  -------------------
/opt/airflow/dags/fx_dag.py                           1           0  0.73s           2024-03-30T12:28:36
================================================================================
[2024-03-30T12:29:30.542+0000] {manager.py:879} INFO - 
================================================================================
DAG File Processing Stats

File Path                    PID    Runtime      # DAGs    # Errors  Last Runtime    Last Run
---------------------------  -----  ---------  --------  ----------  --------------  -------------------
/opt/airflow/dags/fx_dag.py                           1           0  0.70s           2024-03-30T12:29:07
================================================================================
[2024-03-30T12:30:00.719+0000] {manager.py:879} INFO - 
================================================================================
DAG File Processing Stats

File Path                    PID    Runtime      # DAGs    # Errors  Last Runtime    Last Run
---------------------------  -----  ---------  --------  ----------  --------------  -------------------
/opt/airflow/dags/fx_dag.py                           1           0  0.58s           2024-03-30T12:29:38
================================================================================
[2024-03-30T12:30:30.811+0000] {manager.py:879} INFO - 
================================================================================
DAG File Processing Stats

File Path                    PID    Runtime      # DAGs    # Errors  Last Runtime    Last Run
---------------------------  -----  ---------  --------  ----------  --------------  -------------------
/opt/airflow/dags/fx_dag.py                           1           0  0.68s           2024-03-30T12:30:09
================================================================================
[2024-03-30T12:31:01.320+0000] {manager.py:879} INFO - 
================================================================================
DAG File Processing Stats

File Path                    PID    Runtime      # DAGs    # Errors  Last Runtime    Last Run
---------------------------  -----  ---------  --------  ----------  --------------  -------------------
/opt/airflow/dags/fx_dag.py                           1           0  0.67s           2024-03-30T12:30:40
================================================================================
[2024-03-30T12:31:31.486+0000] {manager.py:879} INFO - 
================================================================================
DAG File Processing Stats

File Path                    PID    Runtime      # DAGs    # Errors  Last Runtime    Last Run
---------------------------  -----  ---------  --------  ----------  --------------  -------------------
/opt/airflow/dags/fx_dag.py                           1           0  0.61s           2024-03-30T12:31:11
================================================================================
[2024-03-30T12:32:02.053+0000] {manager.py:879} INFO - 
================================================================================
DAG File Processing Stats

File Path                    PID    Runtime      # DAGs    # Errors  Last Runtime    Last Run
---------------------------  -----  ---------  --------  ----------  --------------  -------------------
/opt/airflow/dags/fx_dag.py                           1           0  0.65s           2024-03-30T12:31:42
================================================================================
[2024-03-30T12:32:32.111+0000] {manager.py:879} INFO - 
================================================================================
DAG File Processing Stats

File Path                    PID    Runtime      # DAGs    # Errors  Last Runtime    Last Run
---------------------------  -----  ---------  --------  ----------  --------------  -------------------
/opt/airflow/dags/fx_dag.py                           1           0  0.59s           2024-03-30T12:32:12
================================================================================
[2024-03-30T12:33:02.718+0000] {manager.py:879} INFO - 
================================================================================
DAG File Processing Stats

File Path                    PID    Runtime      # DAGs    # Errors  Last Runtime    Last Run
---------------------------  -----  ---------  --------  ----------  --------------  -------------------
/opt/airflow/dags/fx_dag.py                           1           0  0.56s           2024-03-30T12:32:43
================================================================================
[2024-03-30T12:33:33.027+0000] {manager.py:879} INFO - 
================================================================================
DAG File Processing Stats

File Path                    PID    Runtime      # DAGs    # Errors  Last Runtime    Last Run
---------------------------  -----  ---------  --------  ----------  --------------  -------------------
/opt/airflow/dags/fx_dag.py                           1           0  0.57s           2024-03-30T12:33:14
================================================================================
[2024-03-30T12:33:52.186+0000] {manager.py:738} INFO - Searching for files in /opt/airflow/dags
[2024-03-30T12:33:52.293+0000] {manager.py:741} INFO - There are 1 files in /opt/airflow/dags
[2024-03-30T12:34:03.406+0000] {manager.py:879} INFO - 
================================================================================
DAG File Processing Stats

File Path                    PID    Runtime      # DAGs    # Errors  Last Runtime    Last Run
---------------------------  -----  ---------  --------  ----------  --------------  -------------------
/opt/airflow/dags/fx_dag.py                           1           0  0.62s           2024-03-30T12:33:45
================================================================================
[2024-03-30T12:34:33.618+0000] {manager.py:879} INFO - 
================================================================================
DAG File Processing Stats

File Path                    PID    Runtime      # DAGs    # Errors  Last Runtime    Last Run
---------------------------  -----  ---------  --------  ----------  --------------  -------------------
/opt/airflow/dags/fx_dag.py                           1           0  0.59s           2024-03-30T12:34:16
================================================================================
[2024-03-30T12:35:03.860+0000] {manager.py:879} INFO - 
================================================================================
DAG File Processing Stats

File Path                    PID    Runtime      # DAGs    # Errors  Last Runtime    Last Run
---------------------------  -----  ---------  --------  ----------  --------------  -------------------
/opt/airflow/dags/fx_dag.py                           1           0  0.92s           2024-03-30T12:34:47
================================================================================
[2024-03-30T12:35:34.060+0000] {manager.py:879} INFO - 
================================================================================
DAG File Processing Stats

File Path                    PID    Runtime      # DAGs    # Errors  Last Runtime    Last Run
---------------------------  -----  ---------  --------  ----------  --------------  -------------------
/opt/airflow/dags/fx_dag.py                           1           0  0.60s           2024-03-30T12:35:18
================================================================================
[2024-03-30T12:36:04.302+0000] {manager.py:879} INFO - 
================================================================================
DAG File Processing Stats

File Path                    PID    Runtime      # DAGs    # Errors  Last Runtime    Last Run
---------------------------  -----  ---------  --------  ----------  --------------  -------------------
/opt/airflow/dags/fx_dag.py                           1           0  0.67s           2024-03-30T12:35:48
================================================================================
[2024-03-30T12:36:34.485+0000] {manager.py:879} INFO - 
================================================================================
DAG File Processing Stats

File Path                    PID    Runtime      # DAGs    # Errors  Last Runtime    Last Run
---------------------------  -----  ---------  --------  ----------  --------------  -------------------
/opt/airflow/dags/fx_dag.py                           1           0  0.73s           2024-03-30T12:36:19
================================================================================
[2024-03-30T12:37:04.674+0000] {manager.py:879} INFO - 
================================================================================
DAG File Processing Stats

File Path                    PID    Runtime      # DAGs    # Errors  Last Runtime    Last Run
---------------------------  -----  ---------  --------  ----------  --------------  -------------------
/opt/airflow/dags/fx_dag.py                           1           0  0.62s           2024-03-30T12:36:50
================================================================================
[2024-03-30T12:37:35.269+0000] {manager.py:879} INFO - 
================================================================================
DAG File Processing Stats

File Path                    PID    Runtime      # DAGs    # Errors  Last Runtime    Last Run
---------------------------  -----  ---------  --------  ----------  --------------  -------------------
/opt/airflow/dags/fx_dag.py                           1           0  0.70s           2024-03-30T12:37:21
================================================================================
[2024-03-30T12:38:05.710+0000] {manager.py:879} INFO - 
================================================================================
DAG File Processing Stats

File Path                    PID    Runtime      # DAGs    # Errors  Last Runtime    Last Run
---------------------------  -----  ---------  --------  ----------  --------------  -------------------
/opt/airflow/dags/fx_dag.py                           1           0  0.81s           2024-03-30T12:37:52
================================================================================
[2024-03-30T12:38:36.074+0000] {manager.py:879} INFO - 
================================================================================
DAG File Processing Stats

File Path                    PID    Runtime      # DAGs    # Errors  Last Runtime    Last Run
---------------------------  -----  ---------  --------  ----------  --------------  -------------------
/opt/airflow/dags/fx_dag.py                           1           0  1.01s           2024-03-30T12:38:23
================================================================================
[2024-03-30T12:38:52.238+0000] {manager.py:738} INFO - Searching for files in /opt/airflow/dags
[2024-03-30T12:38:52.361+0000] {manager.py:741} INFO - There are 1 files in /opt/airflow/dags
[2024-03-30T12:39:06.493+0000] {manager.py:879} INFO - 
================================================================================
DAG File Processing Stats

File Path                    PID    Runtime      # DAGs    # Errors  Last Runtime    Last Run
---------------------------  -----  ---------  --------  ----------  --------------  -------------------
/opt/airflow/dags/fx_dag.py                           1           0  0.69s           2024-03-30T12:38:54
================================================================================
[2024-03-30T12:39:36.793+0000] {manager.py:879} INFO - 
================================================================================
DAG File Processing Stats

File Path                    PID    Runtime      # DAGs    # Errors  Last Runtime    Last Run
---------------------------  -----  ---------  --------  ----------  --------------  -------------------
/opt/airflow/dags/fx_dag.py                           1           0  0.68s           2024-03-30T12:39:25
================================================================================
[2024-03-30T12:40:06.909+0000] {manager.py:879} INFO - 
================================================================================
DAG File Processing Stats

File Path                    PID    Runtime      # DAGs    # Errors  Last Runtime    Last Run
---------------------------  -----  ---------  --------  ----------  --------------  -------------------
/opt/airflow/dags/fx_dag.py                           1           0  0.87s           2024-03-30T12:39:56
================================================================================
[2024-03-30T12:40:36.919+0000] {manager.py:879} INFO - 
================================================================================
DAG File Processing Stats

File Path                    PID    Runtime      # DAGs    # Errors  Last Runtime    Last Run
---------------------------  -----  ---------  --------  ----------  --------------  -------------------
/opt/airflow/dags/fx_dag.py                           1           0  0.80s           2024-03-30T12:40:27
================================================================================
[2024-03-30T12:41:07.455+0000] {manager.py:879} INFO - 
================================================================================
DAG File Processing Stats

File Path                    PID    Runtime      # DAGs    # Errors  Last Runtime    Last Run
---------------------------  -----  ---------  --------  ----------  --------------  -------------------
/opt/airflow/dags/fx_dag.py                           1           0  0.63s           2024-03-30T12:40:58
================================================================================
[2024-03-30T12:41:37.651+0000] {manager.py:879} INFO - 
================================================================================
DAG File Processing Stats

File Path                    PID    Runtime      # DAGs    # Errors  Last Runtime    Last Run
---------------------------  -----  ---------  --------  ----------  --------------  -------------------
/opt/airflow/dags/fx_dag.py                           1           0  0.85s           2024-03-30T12:41:29
================================================================================
[2024-03-30T12:42:07.735+0000] {manager.py:879} INFO - 
================================================================================
DAG File Processing Stats

File Path                    PID    Runtime      # DAGs    # Errors  Last Runtime    Last Run
---------------------------  -----  ---------  --------  ----------  --------------  -------------------
/opt/airflow/dags/fx_dag.py                           1           0  0.79s           2024-03-30T12:42:00
================================================================================
[2024-03-30T12:42:38.368+0000] {manager.py:879} INFO - 
================================================================================
DAG File Processing Stats

File Path                    PID    Runtime      # DAGs    # Errors  Last Runtime    Last Run
---------------------------  -----  ---------  --------  ----------  --------------  -------------------
/opt/airflow/dags/fx_dag.py                           1           0  0.60s           2024-03-30T12:42:31
================================================================================
[2024-03-30T12:43:08.736+0000] {manager.py:879} INFO - 
================================================================================
DAG File Processing Stats

File Path                    PID    Runtime      # DAGs    # Errors  Last Runtime    Last Run
---------------------------  -----  ---------  --------  ----------  --------------  -------------------
/opt/airflow/dags/fx_dag.py                           1           0  0.75s           2024-03-30T12:43:02
================================================================================
[2024-03-30T12:43:38.915+0000] {manager.py:879} INFO - 
================================================================================
DAG File Processing Stats

File Path                    PID    Runtime      # DAGs    # Errors  Last Runtime    Last Run
---------------------------  -----  ---------  --------  ----------  --------------  -------------------
/opt/airflow/dags/fx_dag.py                           1           0  0.69s           2024-03-30T12:43:33
================================================================================
[2024-03-30T12:43:52.413+0000] {manager.py:738} INFO - Searching for files in /opt/airflow/dags
[2024-03-30T12:43:52.657+0000] {manager.py:741} INFO - There are 1 files in /opt/airflow/dags
[2024-03-30T12:44:09.148+0000] {manager.py:879} INFO - 
================================================================================
DAG File Processing Stats

File Path                    PID    Runtime      # DAGs    # Errors  Last Runtime    Last Run
---------------------------  -----  ---------  --------  ----------  --------------  -------------------
/opt/airflow/dags/fx_dag.py                           1           0  0.85s           2024-03-30T12:44:04
================================================================================
[2024-03-30T12:44:39.345+0000] {manager.py:879} INFO - 
================================================================================
DAG File Processing Stats

File Path                    PID    Runtime      # DAGs    # Errors  Last Runtime    Last Run
---------------------------  -----  ---------  --------  ----------  --------------  -------------------
/opt/airflow/dags/fx_dag.py                           1           0  0.64s           2024-03-30T12:44:35
================================================================================
[2024-03-30T12:45:09.660+0000] {manager.py:879} INFO - 
================================================================================
DAG File Processing Stats

File Path                    PID    Runtime      # DAGs    # Errors  Last Runtime    Last Run
---------------------------  -----  ---------  --------  ----------  --------------  -------------------
/opt/airflow/dags/fx_dag.py                           1           0  0.59s           2024-03-30T12:45:06
================================================================================
[2024-03-30T12:45:39.841+0000] {manager.py:879} INFO - 
================================================================================
DAG File Processing Stats

File Path                    PID    Runtime      # DAGs    # Errors  Last Runtime    Last Run
---------------------------  -----  ---------  --------  ----------  --------------  -------------------
/opt/airflow/dags/fx_dag.py                           1           0  0.77s           2024-03-30T12:45:37
================================================================================
[2024-03-30T12:46:10.034+0000] {manager.py:879} INFO - 
================================================================================
DAG File Processing Stats

File Path                    PID    Runtime      # DAGs    # Errors  Last Runtime    Last Run
---------------------------  -----  ---------  --------  ----------  --------------  -------------------
/opt/airflow/dags/fx_dag.py                           1           0  0.83s           2024-03-30T12:46:08
================================================================================
[2024-03-30T12:46:40.291+0000] {manager.py:879} INFO - 
================================================================================
DAG File Processing Stats

File Path                    PID    Runtime      # DAGs    # Errors  Last Runtime    Last Run
---------------------------  -----  ---------  --------  ----------  --------------  -------------------
/opt/airflow/dags/fx_dag.py                           1           0  0.69s           2024-03-30T12:46:38
================================================================================
[2024-03-30T12:47:10.478+0000] {manager.py:879} INFO - 
================================================================================
DAG File Processing Stats

File Path                    PID    Runtime      # DAGs    # Errors  Last Runtime    Last Run
---------------------------  -----  ---------  --------  ----------  --------------  -------------------
/opt/airflow/dags/fx_dag.py                           1           0  0.63s           2024-03-30T12:47:09
================================================================================
[2024-03-30T12:47:40.673+0000] {manager.py:879} INFO - 
================================================================================
DAG File Processing Stats

File Path                      PID  Runtime      # DAGs    # Errors  Last Runtime    Last Run
---------------------------  -----  ---------  --------  ----------  --------------  -------------------
/opt/airflow/dags/fx_dag.py    570  0.71s             1           0  0.63s           2024-03-30T12:47:09
================================================================================
[2024-03-30T12:48:10.877+0000] {manager.py:879} INFO - 
================================================================================
DAG File Processing Stats

File Path                    PID    Runtime      # DAGs    # Errors  Last Runtime    Last Run
---------------------------  -----  ---------  --------  ----------  --------------  -------------------
/opt/airflow/dags/fx_dag.py                           1           0  0.93s           2024-03-30T12:47:40
================================================================================
[2024-03-30T12:48:41.014+0000] {manager.py:879} INFO - 
================================================================================
DAG File Processing Stats

File Path                    PID    Runtime      # DAGs    # Errors  Last Runtime    Last Run
---------------------------  -----  ---------  --------  ----------  --------------  -------------------
/opt/airflow/dags/fx_dag.py                           1           0  0.76s           2024-03-30T12:48:11
================================================================================
[2024-03-30T12:48:52.815+0000] {manager.py:738} INFO - Searching for files in /opt/airflow/dags
[2024-03-30T12:48:52.932+0000] {manager.py:741} INFO - There are 1 files in /opt/airflow/dags
[2024-03-30T12:49:11.092+0000] {manager.py:879} INFO - 
================================================================================
DAG File Processing Stats

File Path                    PID    Runtime      # DAGs    # Errors  Last Runtime    Last Run
---------------------------  -----  ---------  --------  ----------  --------------  -------------------
/opt/airflow/dags/fx_dag.py                           1           0  0.72s           2024-03-30T12:48:42
================================================================================
[2024-03-30T12:49:41.100+0000] {manager.py:879} INFO - 
================================================================================
DAG File Processing Stats

File Path                    PID    Runtime      # DAGs    # Errors  Last Runtime    Last Run
---------------------------  -----  ---------  --------  ----------  --------------  -------------------
/opt/airflow/dags/fx_dag.py                           1           0  0.78s           2024-03-30T12:49:13
================================================================================
[2024-03-30T12:50:12.066+0000] {manager.py:879} INFO - 
================================================================================
DAG File Processing Stats

File Path                    PID    Runtime      # DAGs    # Errors  Last Runtime    Last Run
---------------------------  -----  ---------  --------  ----------  --------------  -------------------
/opt/airflow/dags/fx_dag.py                           1           0  0.77s           2024-03-30T12:49:44
================================================================================
[2024-03-30T12:50:42.087+0000] {manager.py:879} INFO - 
================================================================================
DAG File Processing Stats

File Path                    PID    Runtime      # DAGs    # Errors  Last Runtime    Last Run
---------------------------  -----  ---------  --------  ----------  --------------  -------------------
/opt/airflow/dags/fx_dag.py                           1           0  0.78s           2024-03-30T12:50:15
================================================================================
[2024-03-30T12:51:12.509+0000] {manager.py:879} INFO - 
================================================================================
DAG File Processing Stats

File Path                    PID    Runtime      # DAGs    # Errors  Last Runtime    Last Run
---------------------------  -----  ---------  --------  ----------  --------------  -------------------
/opt/airflow/dags/fx_dag.py                           1           0  0.72s           2024-03-30T12:50:46
================================================================================
[2024-03-30T12:51:42.726+0000] {manager.py:879} INFO - 
================================================================================
DAG File Processing Stats

File Path                    PID    Runtime      # DAGs    # Errors  Last Runtime    Last Run
---------------------------  -----  ---------  --------  ----------  --------------  -------------------
/opt/airflow/dags/fx_dag.py                           1           0  0.82s           2024-03-30T12:51:17
================================================================================
[2024-03-30T12:52:12.957+0000] {manager.py:879} INFO - 
================================================================================
DAG File Processing Stats

File Path                    PID    Runtime      # DAGs    # Errors  Last Runtime    Last Run
---------------------------  -----  ---------  --------  ----------  --------------  -------------------
/opt/airflow/dags/fx_dag.py                           1           0  0.90s           2024-03-30T12:51:49
================================================================================
[2024-03-30T12:52:43.193+0000] {manager.py:879} INFO - 
================================================================================
DAG File Processing Stats

File Path                    PID    Runtime      # DAGs    # Errors  Last Runtime    Last Run
---------------------------  -----  ---------  --------  ----------  --------------  -------------------
/opt/airflow/dags/fx_dag.py                           1           0  0.83s           2024-03-30T12:52:20
================================================================================
[2024-03-30T12:53:13.212+0000] {manager.py:879} INFO - 
================================================================================
DAG File Processing Stats

File Path                    PID    Runtime      # DAGs    # Errors  Last Runtime    Last Run
---------------------------  -----  ---------  --------  ----------  --------------  -------------------
/opt/airflow/dags/fx_dag.py                           1           0  0.78s           2024-03-30T12:52:51
================================================================================
[2024-03-30T12:53:43.420+0000] {manager.py:879} INFO - 
================================================================================
DAG File Processing Stats

File Path                    PID    Runtime      # DAGs    # Errors  Last Runtime    Last Run
---------------------------  -----  ---------  --------  ----------  --------------  -------------------
/opt/airflow/dags/fx_dag.py                           1           0  0.55s           2024-03-30T12:53:21
================================================================================
[2024-03-30T12:53:52.980+0000] {manager.py:738} INFO - Searching for files in /opt/airflow/dags
[2024-03-30T12:53:53.101+0000] {manager.py:741} INFO - There are 1 files in /opt/airflow/dags
[2024-03-30T12:54:13.653+0000] {manager.py:879} INFO - 
================================================================================
DAG File Processing Stats

File Path                    PID    Runtime      # DAGs    # Errors  Last Runtime    Last Run
---------------------------  -----  ---------  --------  ----------  --------------  -------------------
/opt/airflow/dags/fx_dag.py                           1           0  0.81s           2024-03-30T12:53:52
================================================================================
[2024-03-30T12:54:43.859+0000] {manager.py:879} INFO - 
================================================================================
DAG File Processing Stats

File Path                    PID    Runtime      # DAGs    # Errors  Last Runtime    Last Run
---------------------------  -----  ---------  --------  ----------  --------------  -------------------
/opt/airflow/dags/fx_dag.py                           1           0  0.68s           2024-03-30T12:54:23
================================================================================
[2024-03-30T12:55:13.918+0000] {manager.py:879} INFO - 
================================================================================
DAG File Processing Stats

File Path                    PID    Runtime      # DAGs    # Errors  Last Runtime    Last Run
---------------------------  -----  ---------  --------  ----------  --------------  -------------------
/opt/airflow/dags/fx_dag.py                           1           0  0.63s           2024-03-30T12:54:54
================================================================================
[2024-03-30T12:55:44.510+0000] {manager.py:879} INFO - 
================================================================================
DAG File Processing Stats

File Path                    PID    Runtime      # DAGs    # Errors  Last Runtime    Last Run
---------------------------  -----  ---------  --------  ----------  --------------  -------------------
/opt/airflow/dags/fx_dag.py                           1           0  0.70s           2024-03-30T12:55:25
================================================================================
[2024-03-30T12:56:14.600+0000] {manager.py:879} INFO - 
================================================================================
DAG File Processing Stats

File Path                    PID    Runtime      # DAGs    # Errors  Last Runtime    Last Run
---------------------------  -----  ---------  --------  ----------  --------------  -------------------
/opt/airflow/dags/fx_dag.py                           1           0  0.54s           2024-03-30T12:55:56
================================================================================
[2024-03-30T12:56:44.836+0000] {manager.py:879} INFO - 
================================================================================
DAG File Processing Stats

File Path                    PID    Runtime      # DAGs    # Errors  Last Runtime    Last Run
---------------------------  -----  ---------  --------  ----------  --------------  -------------------
/opt/airflow/dags/fx_dag.py                           1           0  0.95s           2024-03-30T12:56:27
================================================================================
[2024-03-30T12:57:15.096+0000] {manager.py:879} INFO - 
================================================================================
DAG File Processing Stats

File Path                    PID    Runtime      # DAGs    # Errors  Last Runtime    Last Run
---------------------------  -----  ---------  --------  ----------  --------------  -------------------
/opt/airflow/dags/fx_dag.py                           1           0  0.95s           2024-03-30T12:56:58
================================================================================
[2024-03-30T12:57:45.713+0000] {manager.py:879} INFO - 
================================================================================
DAG File Processing Stats

File Path                    PID    Runtime      # DAGs    # Errors  Last Runtime    Last Run
---------------------------  -----  ---------  --------  ----------  --------------  -------------------
/opt/airflow/dags/fx_dag.py                           1           0  1.29s           2024-03-30T12:57:30
================================================================================
[2024-03-30T12:58:16.148+0000] {manager.py:879} INFO - 
================================================================================
DAG File Processing Stats

File Path                    PID    Runtime      # DAGs    # Errors  Last Runtime    Last Run
---------------------------  -----  ---------  --------  ----------  --------------  -------------------
/opt/airflow/dags/fx_dag.py                           1           0  1.30s           2024-03-30T12:58:02
================================================================================
[2024-03-30T12:58:46.360+0000] {manager.py:879} INFO - 
================================================================================
DAG File Processing Stats

File Path                    PID    Runtime      # DAGs    # Errors  Last Runtime    Last Run
---------------------------  -----  ---------  --------  ----------  --------------  -------------------
/opt/airflow/dags/fx_dag.py                           1           0  0.98s           2024-03-30T12:58:33
================================================================================
[2024-03-30T12:58:53.404+0000] {manager.py:738} INFO - Searching for files in /opt/airflow/dags
[2024-03-30T12:58:53.526+0000] {manager.py:741} INFO - There are 1 files in /opt/airflow/dags
[2024-03-30T12:59:16.676+0000] {manager.py:879} INFO - 
================================================================================
DAG File Processing Stats

File Path                    PID    Runtime      # DAGs    # Errors  Last Runtime    Last Run
---------------------------  -----  ---------  --------  ----------  --------------  -------------------
/opt/airflow/dags/fx_dag.py                           1           0  0.94s           2024-03-30T12:59:04
================================================================================
[2024-03-30T12:59:46.917+0000] {manager.py:879} INFO - 
================================================================================
DAG File Processing Stats

File Path                    PID    Runtime      # DAGs    # Errors  Last Runtime    Last Run
---------------------------  -----  ---------  --------  ----------  --------------  -------------------
/opt/airflow/dags/fx_dag.py                           1           0  0.96s           2024-03-30T12:59:35
================================================================================
[2024-03-30T13:00:17.006+0000] {manager.py:879} INFO - 
================================================================================
DAG File Processing Stats

File Path                    PID    Runtime      # DAGs    # Errors  Last Runtime    Last Run
---------------------------  -----  ---------  --------  ----------  --------------  -------------------
/opt/airflow/dags/fx_dag.py                           1           0  0.78s           2024-03-30T13:00:06
================================================================================
[2024-03-30T13:00:47.460+0000] {manager.py:879} INFO - 
================================================================================
DAG File Processing Stats

File Path                    PID    Runtime      # DAGs    # Errors  Last Runtime    Last Run
---------------------------  -----  ---------  --------  ----------  --------------  -------------------
/opt/airflow/dags/fx_dag.py                           1           0  0.76s           2024-03-30T13:00:37
================================================================================
[2024-03-30T13:01:17.673+0000] {manager.py:879} INFO - 
================================================================================
DAG File Processing Stats

File Path                    PID    Runtime      # DAGs    # Errors  Last Runtime    Last Run
---------------------------  -----  ---------  --------  ----------  --------------  -------------------
/opt/airflow/dags/fx_dag.py                           1           0  0.83s           2024-03-30T13:01:08
================================================================================
[2024-03-30T13:01:47.992+0000] {manager.py:879} INFO - 
================================================================================
DAG File Processing Stats

File Path                    PID    Runtime      # DAGs    # Errors  Last Runtime    Last Run
---------------------------  -----  ---------  --------  ----------  --------------  -------------------
/opt/airflow/dags/fx_dag.py                           1           0  0.71s           2024-03-30T13:01:39
================================================================================
[2024-03-30T13:02:18.477+0000] {manager.py:879} INFO - 
================================================================================
DAG File Processing Stats

File Path                    PID    Runtime      # DAGs    # Errors  Last Runtime    Last Run
---------------------------  -----  ---------  --------  ----------  --------------  -------------------
/opt/airflow/dags/fx_dag.py                           1           0  0.60s           2024-03-30T13:02:10
================================================================================
[2024-03-30T13:02:48.661+0000] {manager.py:879} INFO - 
================================================================================
DAG File Processing Stats

File Path                    PID    Runtime      # DAGs    # Errors  Last Runtime    Last Run
---------------------------  -----  ---------  --------  ----------  --------------  -------------------
/opt/airflow/dags/fx_dag.py                           1           0  0.74s           2024-03-30T13:02:41
================================================================================
[2024-03-30T13:03:18.902+0000] {manager.py:879} INFO - 
================================================================================
DAG File Processing Stats

File Path                    PID    Runtime      # DAGs    # Errors  Last Runtime    Last Run
---------------------------  -----  ---------  --------  ----------  --------------  -------------------
/opt/airflow/dags/fx_dag.py                           1           0  1.07s           2024-03-30T13:03:12
================================================================================
[2024-03-30T13:03:49.263+0000] {manager.py:879} INFO - 
================================================================================
DAG File Processing Stats

File Path                    PID    Runtime      # DAGs    # Errors  Last Runtime    Last Run
---------------------------  -----  ---------  --------  ----------  --------------  -------------------
/opt/airflow/dags/fx_dag.py                           1           0  0.66s           2024-03-30T13:03:43
================================================================================
[2024-03-30T13:03:53.800+0000] {manager.py:738} INFO - Searching for files in /opt/airflow/dags
[2024-03-30T13:03:53.911+0000] {manager.py:741} INFO - There are 1 files in /opt/airflow/dags
[2024-03-30T13:04:19.446+0000] {manager.py:879} INFO - 
================================================================================
DAG File Processing Stats

File Path                    PID    Runtime      # DAGs    # Errors  Last Runtime    Last Run
---------------------------  -----  ---------  --------  ----------  --------------  -------------------
/opt/airflow/dags/fx_dag.py                           1           0  0.75s           2024-03-30T13:04:14
================================================================================
[2024-03-30T13:04:49.641+0000] {manager.py:879} INFO - 
================================================================================
DAG File Processing Stats

File Path                    PID    Runtime      # DAGs    # Errors  Last Runtime    Last Run
---------------------------  -----  ---------  --------  ----------  --------------  -------------------
/opt/airflow/dags/fx_dag.py                           1           0  0.70s           2024-03-30T13:04:45
================================================================================
[2024-03-30T13:05:19.709+0000] {manager.py:879} INFO - 
================================================================================
DAG File Processing Stats

File Path                    PID    Runtime      # DAGs    # Errors  Last Runtime    Last Run
---------------------------  -----  ---------  --------  ----------  --------------  -------------------
/opt/airflow/dags/fx_dag.py                           1           0  0.77s           2024-03-30T13:05:16
================================================================================
[2024-03-30T13:05:50.229+0000] {manager.py:879} INFO - 
================================================================================
DAG File Processing Stats

File Path                    PID    Runtime      # DAGs    # Errors  Last Runtime    Last Run
---------------------------  -----  ---------  --------  ----------  --------------  -------------------
/opt/airflow/dags/fx_dag.py                           1           0  0.62s           2024-03-30T13:05:47
================================================================================
[2024-03-30T13:06:20.412+0000] {manager.py:879} INFO - 
================================================================================
DAG File Processing Stats

File Path                    PID    Runtime      # DAGs    # Errors  Last Runtime    Last Run
---------------------------  -----  ---------  --------  ----------  --------------  -------------------
/opt/airflow/dags/fx_dag.py                           1           0  0.64s           2024-03-30T13:06:18
================================================================================
[2024-03-30T13:06:51.017+0000] {manager.py:879} INFO - 
================================================================================
DAG File Processing Stats

File Path                    PID    Runtime      # DAGs    # Errors  Last Runtime    Last Run
---------------------------  -----  ---------  --------  ----------  --------------  -------------------
/opt/airflow/dags/fx_dag.py                           1           0  0.71s           2024-03-30T13:06:49
================================================================================
[2024-03-30T13:07:21.295+0000] {manager.py:879} INFO - 
================================================================================
DAG File Processing Stats

File Path                    PID    Runtime      # DAGs    # Errors  Last Runtime    Last Run
---------------------------  -----  ---------  --------  ----------  --------------  -------------------
/opt/airflow/dags/fx_dag.py                           1           0  0.92s           2024-03-30T13:07:20
================================================================================
[2024-03-30T13:07:51.531+0000] {manager.py:879} INFO - 
================================================================================
DAG File Processing Stats

File Path                      PID  Runtime      # DAGs    # Errors  Last Runtime    Last Run
---------------------------  -----  ---------  --------  ----------  --------------  -------------------
/opt/airflow/dags/fx_dag.py    891  1.01s             1           0  0.92s           2024-03-30T13:07:20
================================================================================
[2024-03-30T13:08:21.897+0000] {manager.py:879} INFO - 
================================================================================
DAG File Processing Stats

File Path                      PID  Runtime      # DAGs    # Errors  Last Runtime    Last Run
---------------------------  -----  ---------  --------  ----------  --------------  -------------------
/opt/airflow/dags/fx_dag.py    899  0.00s             1           0  1.08s           2024-03-30T13:07:51
================================================================================
[2024-03-30T13:08:52.113+0000] {manager.py:879} INFO - 
================================================================================
DAG File Processing Stats

File Path                    PID    Runtime      # DAGs    # Errors  Last Runtime    Last Run
---------------------------  -----  ---------  --------  ----------  --------------  -------------------
/opt/airflow/dags/fx_dag.py                           1           0  1.37s           2024-03-30T13:08:23
================================================================================
[2024-03-30T13:08:54.126+0000] {manager.py:738} INFO - Searching for files in /opt/airflow/dags
[2024-03-30T13:08:54.271+0000] {manager.py:741} INFO - There are 1 files in /opt/airflow/dags
[2024-03-30T13:09:22.516+0000] {manager.py:879} INFO - 
================================================================================
DAG File Processing Stats

File Path                    PID    Runtime      # DAGs    # Errors  Last Runtime    Last Run
---------------------------  -----  ---------  --------  ----------  --------------  -------------------
/opt/airflow/dags/fx_dag.py                           1           0  0.81s           2024-03-30T13:08:54
================================================================================
[2024-03-30T13:09:52.543+0000] {manager.py:879} INFO - 
================================================================================
DAG File Processing Stats

File Path                    PID    Runtime      # DAGs    # Errors  Last Runtime    Last Run
---------------------------  -----  ---------  --------  ----------  --------------  -------------------
/opt/airflow/dags/fx_dag.py                           1           0  0.79s           2024-03-30T13:09:25
================================================================================
[2024-03-30T13:10:23.164+0000] {manager.py:879} INFO - 
================================================================================
DAG File Processing Stats

File Path                    PID    Runtime      # DAGs    # Errors  Last Runtime    Last Run
---------------------------  -----  ---------  --------  ----------  --------------  -------------------
/opt/airflow/dags/fx_dag.py                           1           0  0.78s           2024-03-30T13:09:56
================================================================================
[2024-03-30T13:10:53.362+0000] {manager.py:879} INFO - 
================================================================================
DAG File Processing Stats

File Path                    PID    Runtime      # DAGs    # Errors  Last Runtime    Last Run
---------------------------  -----  ---------  --------  ----------  --------------  -------------------
/opt/airflow/dags/fx_dag.py                           1           0  0.77s           2024-03-30T13:10:27
================================================================================
[2024-03-30T13:11:23.627+0000] {manager.py:879} INFO - 
================================================================================
DAG File Processing Stats

File Path                    PID    Runtime      # DAGs    # Errors  Last Runtime    Last Run
---------------------------  -----  ---------  --------  ----------  --------------  -------------------
/opt/airflow/dags/fx_dag.py                           1           0  0.62s           2024-03-30T13:10:58
================================================================================
[2024-03-30T13:11:53.818+0000] {manager.py:879} INFO - 
================================================================================
DAG File Processing Stats

File Path                    PID    Runtime      # DAGs    # Errors  Last Runtime    Last Run
---------------------------  -----  ---------  --------  ----------  --------------  -------------------
/opt/airflow/dags/fx_dag.py                           1           0  0.77s           2024-03-30T13:11:28
================================================================================
[2024-03-30T13:12:24.042+0000] {manager.py:879} INFO - 
================================================================================
DAG File Processing Stats

File Path                    PID    Runtime      # DAGs    # Errors  Last Runtime    Last Run
---------------------------  -----  ---------  --------  ----------  --------------  -------------------
/opt/airflow/dags/fx_dag.py                           1           0  0.81s           2024-03-30T13:11:59
================================================================================
[2024-03-30T13:12:54.108+0000] {manager.py:879} INFO - 
================================================================================
DAG File Processing Stats

File Path                    PID    Runtime      # DAGs    # Errors  Last Runtime    Last Run
---------------------------  -----  ---------  --------  ----------  --------------  -------------------
/opt/airflow/dags/fx_dag.py                           0           1  0.08s           2024-03-30T13:12:34
================================================================================
[2024-03-30T13:13:24.243+0000] {manager.py:879} INFO - 
================================================================================
DAG File Processing Stats

File Path                    PID    Runtime      # DAGs    # Errors  Last Runtime    Last Run
---------------------------  -----  ---------  --------  ----------  --------------  -------------------
/opt/airflow/dags/fx_dag.py                           1           0  1.99s           2024-03-30T13:13:05
================================================================================
[2024-03-30T13:13:54.605+0000] {manager.py:738} INFO - Searching for files in /opt/airflow/dags
[2024-03-30T13:13:54.737+0000] {manager.py:741} INFO - There are 1 files in /opt/airflow/dags
[2024-03-30T13:13:54.756+0000] {manager.py:879} INFO - 
================================================================================
DAG File Processing Stats

File Path                    PID    Runtime      # DAGs    # Errors  Last Runtime    Last Run
---------------------------  -----  ---------  --------  ----------  --------------  -------------------
/opt/airflow/dags/fx_dag.py                           1           0  0.50s           2024-03-30T13:13:44
================================================================================
[2024-03-30T13:14:25.053+0000] {manager.py:879} INFO - 
================================================================================
DAG File Processing Stats

File Path                    PID    Runtime      # DAGs    # Errors  Last Runtime    Last Run
---------------------------  -----  ---------  --------  ----------  --------------  -------------------
/opt/airflow/dags/fx_dag.py                           1           0  0.93s           2024-03-30T13:14:07
================================================================================
[2024-03-30T13:14:55.316+0000] {manager.py:879} INFO - 
================================================================================
DAG File Processing Stats

File Path                    PID    Runtime      # DAGs    # Errors  Last Runtime    Last Run
---------------------------  -----  ---------  --------  ----------  --------------  -------------------
/opt/airflow/dags/fx_dag.py                           1           0  0.31s           2024-03-30T13:14:38
================================================================================
[2024-03-30T13:15:25.796+0000] {manager.py:879} INFO - 
================================================================================
DAG File Processing Stats

File Path                    PID    Runtime      # DAGs    # Errors  Last Runtime    Last Run
---------------------------  -----  ---------  --------  ----------  --------------  -------------------
/opt/airflow/dags/fx_dag.py                           1           0  0.41s           2024-03-30T13:15:09
================================================================================
[2024-03-30T13:15:56.035+0000] {manager.py:879} INFO - 
================================================================================
DAG File Processing Stats

File Path                    PID    Runtime      # DAGs    # Errors  Last Runtime    Last Run
---------------------------  -----  ---------  --------  ----------  --------------  -------------------
/opt/airflow/dags/fx_dag.py                           1           0  0.58s           2024-03-30T13:15:39
================================================================================
[2024-03-30T13:16:26.179+0000] {manager.py:879} INFO - 
================================================================================
DAG File Processing Stats

File Path                    PID    Runtime      # DAGs    # Errors  Last Runtime    Last Run
---------------------------  -----  ---------  --------  ----------  --------------  -------------------
/opt/airflow/dags/fx_dag.py                           1           0  0.87s           2024-03-30T13:16:11
================================================================================
[2024-03-30T13:16:56.427+0000] {manager.py:879} INFO - 
================================================================================
DAG File Processing Stats

File Path                    PID    Runtime      # DAGs    # Errors  Last Runtime    Last Run
---------------------------  -----  ---------  --------  ----------  --------------  -------------------
/opt/airflow/dags/fx_dag.py                           1           0  0.31s           2024-03-30T13:16:41
================================================================================
[2024-03-30T13:17:26.662+0000] {manager.py:879} INFO - 
================================================================================
DAG File Processing Stats

File Path                    PID    Runtime      # DAGs    # Errors  Last Runtime    Last Run
---------------------------  -----  ---------  --------  ----------  --------------  -------------------
/opt/airflow/dags/fx_dag.py                           1           0  0.30s           2024-03-30T13:17:11
================================================================================
[2024-03-30T13:17:57.174+0000] {manager.py:879} INFO - 
================================================================================
DAG File Processing Stats

File Path                    PID    Runtime      # DAGs    # Errors  Last Runtime    Last Run
---------------------------  -----  ---------  --------  ----------  --------------  -------------------
/opt/airflow/dags/fx_dag.py                           1           0  0.33s           2024-03-30T13:17:42
================================================================================
[2024-03-30T13:18:27.785+0000] {manager.py:879} INFO - 
================================================================================
DAG File Processing Stats

File Path                    PID    Runtime      # DAGs    # Errors  Last Runtime    Last Run
---------------------------  -----  ---------  --------  ----------  --------------  -------------------
/opt/airflow/dags/fx_dag.py                           1           0  0.39s           2024-03-30T13:18:13
================================================================================
[2024-03-30T13:18:54.667+0000] {manager.py:738} INFO - Searching for files in /opt/airflow/dags
[2024-03-30T13:18:54.777+0000] {manager.py:741} INFO - There are 1 files in /opt/airflow/dags
[2024-03-30T13:18:57.810+0000] {manager.py:879} INFO - 
================================================================================
DAG File Processing Stats

File Path                    PID    Runtime      # DAGs    # Errors  Last Runtime    Last Run
---------------------------  -----  ---------  --------  ----------  --------------  -------------------
/opt/airflow/dags/fx_dag.py                           1           0  0.29s           2024-03-30T13:18:43
================================================================================
[2024-03-30T13:19:27.998+0000] {manager.py:879} INFO - 
================================================================================
DAG File Processing Stats

File Path                    PID    Runtime      # DAGs    # Errors  Last Runtime    Last Run
---------------------------  -----  ---------  --------  ----------  --------------  -------------------
/opt/airflow/dags/fx_dag.py                           1           0  0.31s           2024-03-30T13:19:14
================================================================================
[2024-03-30T13:19:58.250+0000] {manager.py:879} INFO - 
================================================================================
DAG File Processing Stats

File Path                    PID    Runtime      # DAGs    # Errors  Last Runtime    Last Run
---------------------------  -----  ---------  --------  ----------  --------------  -------------------
/opt/airflow/dags/fx_dag.py                           0           1  0.12s           2024-03-30T13:19:37
================================================================================
[2024-03-30T13:20:28.613+0000] {manager.py:879} INFO - 
================================================================================
DAG File Processing Stats

File Path                    PID    Runtime      # DAGs    # Errors  Last Runtime    Last Run
---------------------------  -----  ---------  --------  ----------  --------------  -------------------
/opt/airflow/dags/fx_dag.py                           1           0  0.47s           2024-03-30T13:20:13
================================================================================
[2024-03-30T13:20:59.221+0000] {manager.py:879} INFO - 
================================================================================
DAG File Processing Stats

File Path                    PID    Runtime      # DAGs    # Errors  Last Runtime    Last Run
---------------------------  -----  ---------  --------  ----------  --------------  -------------------
/opt/airflow/dags/fx_dag.py                           1           0  0.31s           2024-03-30T13:20:44
================================================================================
[2024-03-30T13:21:29.779+0000] {manager.py:879} INFO - 
================================================================================
DAG File Processing Stats

File Path                    PID    Runtime      # DAGs    # Errors  Last Runtime    Last Run
---------------------------  -----  ---------  --------  ----------  --------------  -------------------
/opt/airflow/dags/fx_dag.py                           1           0  0.26s           2024-03-30T13:21:14
================================================================================
[2024-03-30T13:22:00.027+0000] {manager.py:879} INFO - 
================================================================================
DAG File Processing Stats

File Path                    PID    Runtime      # DAGs    # Errors  Last Runtime    Last Run
---------------------------  -----  ---------  --------  ----------  --------------  -------------------
/opt/airflow/dags/fx_dag.py                           1           0  1.11s           2024-03-30T13:21:40
================================================================================
[2024-03-30T13:22:30.380+0000] {manager.py:879} INFO - 
================================================================================
DAG File Processing Stats

File Path                    PID    Runtime      # DAGs    # Errors  Last Runtime    Last Run
---------------------------  -----  ---------  --------  ----------  --------------  -------------------
/opt/airflow/dags/fx_dag.py                           1           0  0.29s           2024-03-30T13:22:11
================================================================================
[2024-03-30T13:23:00.909+0000] {manager.py:879} INFO - 
================================================================================
DAG File Processing Stats

File Path                    PID    Runtime      # DAGs    # Errors  Last Runtime    Last Run
---------------------------  -----  ---------  --------  ----------  --------------  -------------------
/opt/airflow/dags/fx_dag.py                           1           0  0.31s           2024-03-30T13:22:41
================================================================================
[2024-03-30T13:23:31.318+0000] {manager.py:879} INFO - 
================================================================================
DAG File Processing Stats

File Path                    PID    Runtime      # DAGs    # Errors  Last Runtime    Last Run
---------------------------  -----  ---------  --------  ----------  --------------  -------------------
/opt/airflow/dags/fx_dag.py                           1           0  0.36s           2024-03-30T13:23:12
================================================================================
[2024-03-30T13:23:54.682+0000] {manager.py:738} INFO - Searching for files in /opt/airflow/dags
[2024-03-30T13:23:54.841+0000] {manager.py:741} INFO - There are 1 files in /opt/airflow/dags
[2024-03-30T13:24:01.904+0000] {manager.py:879} INFO - 
================================================================================
DAG File Processing Stats

File Path                    PID    Runtime      # DAGs    # Errors  Last Runtime    Last Run
---------------------------  -----  ---------  --------  ----------  --------------  -------------------
/opt/airflow/dags/fx_dag.py                           1           0  0.33s           2024-03-30T13:23:42
================================================================================
[2024-03-30T13:24:32.138+0000] {manager.py:879} INFO - 
================================================================================
DAG File Processing Stats

File Path                    PID    Runtime      # DAGs    # Errors  Last Runtime    Last Run
---------------------------  -----  ---------  --------  ----------  --------------  -------------------
/opt/airflow/dags/fx_dag.py                           1           0  0.40s           2024-03-30T13:24:13
================================================================================
[2024-03-30T13:25:02.277+0000] {manager.py:879} INFO - 
================================================================================
DAG File Processing Stats

File Path                    PID    Runtime      # DAGs    # Errors  Last Runtime    Last Run
---------------------------  -----  ---------  --------  ----------  --------------  -------------------
/opt/airflow/dags/fx_dag.py                           1           0  0.50s           2024-03-30T13:24:49
================================================================================
[2024-03-30T13:25:32.556+0000] {manager.py:879} INFO - 
================================================================================
DAG File Processing Stats

File Path                    PID    Runtime      # DAGs    # Errors  Last Runtime    Last Run
---------------------------  -----  ---------  --------  ----------  --------------  -------------------
/opt/airflow/dags/fx_dag.py                           1           0  0.49s           2024-03-30T13:25:04
================================================================================
[2024-03-30T13:26:03.108+0000] {manager.py:879} INFO - 
================================================================================
DAG File Processing Stats

File Path                    PID    Runtime      # DAGs    # Errors  Last Runtime    Last Run
---------------------------  -----  ---------  --------  ----------  --------------  -------------------
/opt/airflow/dags/fx_dag.py                           1           0  0.27s           2024-03-30T13:25:35
================================================================================
[2024-03-30T13:26:33.606+0000] {manager.py:879} INFO - 
================================================================================
DAG File Processing Stats

File Path                    PID    Runtime      # DAGs    # Errors  Last Runtime    Last Run
---------------------------  -----  ---------  --------  ----------  --------------  -------------------
/opt/airflow/dags/fx_dag.py                           1           0  0.41s           2024-03-30T13:26:05
================================================================================
[2024-03-30T13:27:03.666+0000] {manager.py:879} INFO - 
================================================================================
DAG File Processing Stats

File Path                    PID    Runtime      # DAGs    # Errors  Last Runtime    Last Run
---------------------------  -----  ---------  --------  ----------  --------------  -------------------
/opt/airflow/dags/fx_dag.py                           1           0  0.33s           2024-03-30T13:26:36
================================================================================
[2024-03-30T13:27:34.020+0000] {manager.py:879} INFO - 
================================================================================
DAG File Processing Stats

File Path                    PID    Runtime      # DAGs    # Errors  Last Runtime    Last Run
---------------------------  -----  ---------  --------  ----------  --------------  -------------------
/opt/airflow/dags/fx_dag.py                           1           0  0.28s           2024-03-30T13:27:06
================================================================================
[2024-03-30T13:28:04.410+0000] {manager.py:879} INFO - 
================================================================================
DAG File Processing Stats

File Path                    PID    Runtime      # DAGs    # Errors  Last Runtime    Last Run
---------------------------  -----  ---------  --------  ----------  --------------  -------------------
/opt/airflow/dags/fx_dag.py                           1           0  0.55s           2024-03-30T13:27:37
================================================================================
[2024-03-30T13:28:34.493+0000] {manager.py:879} INFO - 
================================================================================
DAG File Processing Stats

File Path                    PID    Runtime      # DAGs    # Errors  Last Runtime    Last Run
---------------------------  -----  ---------  --------  ----------  --------------  -------------------
/opt/airflow/dags/fx_dag.py                           1           0  0.33s           2024-03-30T13:28:08
================================================================================
[2024-03-30T13:28:54.958+0000] {manager.py:738} INFO - Searching for files in /opt/airflow/dags
[2024-03-30T13:28:55.162+0000] {manager.py:741} INFO - There are 1 files in /opt/airflow/dags
[2024-03-30T13:29:04.748+0000] {manager.py:879} INFO - 
================================================================================
DAG File Processing Stats

File Path                    PID    Runtime      # DAGs    # Errors  Last Runtime    Last Run
---------------------------  -----  ---------  --------  ----------  --------------  -------------------
/opt/airflow/dags/fx_dag.py                           1           0  0.30s           2024-03-30T13:28:38
================================================================================
[2024-03-30T13:29:34.799+0000] {manager.py:879} INFO - 
================================================================================
DAG File Processing Stats

File Path                    PID    Runtime      # DAGs    # Errors  Last Runtime    Last Run
---------------------------  -----  ---------  --------  ----------  --------------  -------------------
/opt/airflow/dags/fx_dag.py                           1           0  0.30s           2024-03-30T13:29:09
================================================================================
[2024-03-30T13:30:05.049+0000] {manager.py:879} INFO - 
================================================================================
DAG File Processing Stats

File Path                    PID    Runtime      # DAGs    # Errors  Last Runtime    Last Run
---------------------------  -----  ---------  --------  ----------  --------------  -------------------
/opt/airflow/dags/fx_dag.py                           1           0  0.48s           2024-03-30T13:29:40
================================================================================
